C:\USERS\WAFAA\DESKTOP\SAMIRAJEAN'S\VS CODES\GRAPHICS LAB\LAB10B MODELS ANIMATIONS\LAB2\LAB1\DEBUG\MAIN.OBJ
C:\USERS\WAFAA\DESKTOP\SAMIRAJEAN'S\VS CODES\GRAPHICS LAB\LAB10B MODELS ANIMATIONS\LAB2\LAB1\DEBUG\MD2.OBJ
C:\USERS\WAFAA\DESKTOP\SAMIRAJEAN'S\VS CODES\GRAPHICS LAB\LAB10B MODELS ANIMATIONS\LAB2\LAB1\DEBUG\VC110.PDB
C:\USERS\WAFAA\DESKTOP\SAMIRAJEAN'S\VS CODES\GRAPHICS LAB\LAB10B MODELS ANIMATIONS\LAB2\LAB1\DEBUG\LAB1.ILK
C:\USERS\WAFAA\DESKTOP\SAMIRAJEAN'S\VS CODES\GRAPHICS LAB\LAB10B MODELS ANIMATIONS\LAB2\LAB1\DEBUG\LAB1.EXE
C:\USERS\WAFAA\DESKTOP\SAMIRAJEAN'S\VS CODES\GRAPHICS LAB\LAB10B MODELS ANIMATIONS\LAB2\LAB1\DEBUG\LAB1.PDB
C:\Users\Wafaa\Desktop\Samirajean's\VS Codes\Graphics lab\LAb10B Models Animations\LAB2\LAB1\Debug\Main.obj
C:\Users\Wafaa\Desktop\Samirajean's\VS Codes\Graphics lab\LAb10B Models Animations\LAB2\LAB1\Debug\md2.obj
C:\Users\Wafaa\Desktop\Samirajean's\VS Codes\Graphics lab\LAb10B Models Animations\LAB2\LAB1\Debug\LAB1.ilk
C:\Users\Wafaa\Desktop\Samirajean's\VS Codes\Graphics lab\LAb10B Models Animations\LAB2\LAB1\Debug\cl.command.1.tlog
C:\Users\Wafaa\Desktop\Samirajean's\VS Codes\Graphics lab\LAb10B Models Animations\LAB2\LAB1\Debug\CL.read.1.tlog
C:\Users\Wafaa\Desktop\Samirajean's\VS Codes\Graphics lab\LAb10B Models Animations\LAB2\LAB1\Debug\CL.write.1.tlog
C:\Users\Wafaa\Desktop\Samirajean's\VS Codes\Graphics lab\LAb10B Models Animations\LAB2\LAB1\Debug\link-cvtres.read.1.tlog
C:\Users\Wafaa\Desktop\Samirajean's\VS Codes\Graphics lab\LAb10B Models Animations\LAB2\LAB1\Debug\link-cvtres.write.1.tlog
C:\Users\Wafaa\Desktop\Samirajean's\VS Codes\Graphics lab\LAb10B Models Animations\LAB2\LAB1\Debug\link-rc.read.1.tlog
C:\Users\Wafaa\Desktop\Samirajean's\VS Codes\Graphics lab\LAb10B Models Animations\LAB2\LAB1\Debug\link-rc.write.1.tlog
C:\Users\Wafaa\Desktop\Samirajean's\VS Codes\Graphics lab\LAb10B Models Animations\LAB2\LAB1\Debug\link.3152-cvtres.read.1.tlog
C:\Users\Wafaa\Desktop\Samirajean's\VS Codes\Graphics lab\LAb10B Models Animations\LAB2\LAB1\Debug\link.3152-cvtres.write.1.tlog
C:\Users\Wafaa\Desktop\Samirajean's\VS Codes\Graphics lab\LAb10B Models Animations\LAB2\LAB1\Debug\link.3152-rc.read.1.tlog
C:\Users\Wafaa\Desktop\Samirajean's\VS Codes\Graphics lab\LAb10B Models Animations\LAB2\LAB1\Debug\link.3152-rc.write.1.tlog
C:\Users\Wafaa\Desktop\Samirajean's\VS Codes\Graphics lab\LAb10B Models Animations\LAB2\LAB1\Debug\link.3152.read.1.tlog
C:\Users\Wafaa\Desktop\Samirajean's\VS Codes\Graphics lab\LAb10B Models Animations\LAB2\LAB1\Debug\link.3152.write.1.tlog
C:\Users\Wafaa\Desktop\Samirajean's\VS Codes\Graphics lab\LAb10B Models Animations\LAB2\LAB1\Debug\link.4324-cvtres.read.1.tlog
C:\Users\Wafaa\Desktop\Samirajean's\VS Codes\Graphics lab\LAb10B Models Animations\LAB2\LAB1\Debug\link.4324-cvtres.write.1.tlog
C:\Users\Wafaa\Desktop\Samirajean's\VS Codes\Graphics lab\LAb10B Models Animations\LAB2\LAB1\Debug\link.4324-rc.read.1.tlog
C:\Users\Wafaa\Desktop\Samirajean's\VS Codes\Graphics lab\LAb10B Models Animations\LAB2\LAB1\Debug\link.4324-rc.write.1.tlog
C:\Users\Wafaa\Desktop\Samirajean's\VS Codes\Graphics lab\LAb10B Models Animations\LAB2\LAB1\Debug\link.4324.read.1.tlog
C:\Users\Wafaa\Desktop\Samirajean's\VS Codes\Graphics lab\LAb10B Models Animations\LAB2\LAB1\Debug\link.4324.write.1.tlog
C:\Users\Wafaa\Desktop\Samirajean's\VS Codes\Graphics lab\LAb10B Models Animations\LAB2\LAB1\Debug\link.command.1.tlog
C:\Users\Wafaa\Desktop\Samirajean's\VS Codes\Graphics lab\LAb10B Models Animations\LAB2\LAB1\Debug\link.read.1.tlog
C:\Users\Wafaa\Desktop\Samirajean's\VS Codes\Graphics lab\LAb10B Models Animations\LAB2\LAB1\Debug\link.write.1.tlog
C:\Users\Wafaa\Desktop\Samirajean's\VS Codes\Graphics lab\LAb10B Models Animations\LAB2\LAB1\Debug\vc110.idb
C:\Users\Wafaa\Desktop\Samirajean's\VS Codes\Graphics lab\LAb10B Models Animations\LAB2\LAB1\Debug\LAB1.pdb
C:\Users\Wafaa\Desktop\Samirajean's\VS Codes\Graphics lab\LAb10B Models Animations\LAB2\LAB1\Debug\vc110.pdb
C:\Users\Wafaa\Desktop\Samirajean's\VS Codes\Graphics lab\LAb10B Models Animations\LAB2\LAB1\Debug\LAB1.exe
